<?xml version="1.0" encoding="UTF-8" standalone="no"?>
<!DOCTYPE log SYSTEM "logger.dtd">
<log>
<record>
  <date>2023-11-08T22:37:41.529116200Z</date>
  <millis>1699483061529</millis>
  <nanos>116200</nanos>
  <sequence>0</sequence>
  <logger>br.edu.unijui.model.dao</logger>
  <level>INFO</level>
  <class>br.edu.unijui.log.Log</class>
  <method>GravaLog</method>
  <thread>25</thread>
  <message>Consulta de livros.</message>
</record>
<record>
  <date>2023-11-08T22:37:50.669963800Z</date>
  <millis>1699483070669</millis>
  <nanos>963800</nanos>
  <sequence>1</sequence>
  <logger>br.edu.unijui.model.dao</logger>
  <level>INFO</level>
  <class>br.edu.unijui.log.Log</class>
  <method>GravaLog</method>
  <thread>25</thread>
  <message>Inseriu um livro.</message>
</record>
<record>
  <date>2023-11-08T22:37:50.692346600Z</date>
  <millis>1699483070692</millis>
  <nanos>346600</nanos>
  <sequence>2</sequence>
  <logger>br.edu.unijui.model.dao</logger>
  <level>INFO</level>
  <class>br.edu.unijui.log.Log</class>
  <method>GravaLog</method>
  <thread>25</thread>
  <message>Inseriu um livro.</message>
</record>
<record>
  <date>2023-11-08T22:37:50.712557200Z</date>
  <millis>1699483070712</millis>
  <nanos>557200</nanos>
  <sequence>3</sequence>
  <logger>br.edu.unijui.model.dao</logger>
  <level>INFO</level>
  <class>br.edu.unijui.log.Log</class>
  <method>GravaLog</method>
  <thread>25</thread>
  <message>Inseriu um livro.</message>
</record>
<record>
  <date>2023-11-08T22:37:50.734149100Z</date>
  <millis>1699483070734</millis>
  <nanos>149100</nanos>
  <sequence>4</sequence>
  <logger>br.edu.unijui.model.dao</logger>
  <level>INFO</level>
  <class>br.edu.unijui.log.Log</class>
  <method>GravaLog</method>
  <thread>25</thread>
  <message>Inseriu um livro.</message>
</record>
<record>
  <date>2023-11-08T22:37:50.736148700Z</date>
  <millis>1699483070736</millis>
  <nanos>148700</nanos>
  <sequence>5</sequence>
  <logger>br.edu.unijui.model.dao</logger>
  <level>INFO</level>
  <class>br.edu.unijui.log.Log</class>
  <method>GravaLog</method>
  <thread>25</thread>
  <message>Importou livros.</message>
</record>
<record>
  <date>2023-11-08T22:37:52.535585300Z</date>
  <millis>1699483072535</millis>
  <nanos>585300</nanos>
  <sequence>6</sequence>
  <logger>br.edu.unijui.model.dao</logger>
  <level>INFO</level>
  <class>br.edu.unijui.log.Log</class>
  <method>GravaLog</method>
  <thread>25</thread>
  <message>Consulta de livros.</message>
</record>
</log>
